0 info it worked if it ends with ok
1 verbose cli [ '/usr/local/bin/node',
1 verbose cli   '/usr/local/bin/npm',
1 verbose cli   'install',
1 verbose cli   'react-dom--save' ]
2 info using npm@2.14.4
3 info using node@v4.1.1
4 verbose install initial load of /Users/valmorie/Desktop/DevM/react/devReact/day1/webpackCrap/package.json
5 warn package.json webpack@1.0.0 No description
6 warn package.json webpack@1.0.0 No repository field.
7 warn package.json webpack@1.0.0 No README data
8 verbose installManyTop reading scoped package data from /Users/valmorie/Desktop/DevM/react/devReact/day1/webpackCrap/node_modules/jsx-loader/package.json
9 info package.json jsx-loader@0.13.2 license should be a valid SPDX license expression
10 verbose readDependencies loading dependencies from /Users/valmorie/Desktop/DevM/react/devReact/day1/webpackCrap/package.json
11 silly cache add args [ 'react-dom--save', null ]
12 verbose cache add spec react-dom--save
13 silly cache add parsed spec Result {
13 silly cache add   raw: 'react-dom--save',
13 silly cache add   scope: null,
13 silly cache add   name: 'react-dom--save',
13 silly cache add   rawSpec: '',
13 silly cache add   spec: '*',
13 silly cache add   type: 'range' }
14 silly addNamed react-dom--save@*
15 verbose addNamed "*" is a valid semver range for react-dom--save
16 silly addNameRange { name: 'react-dom--save', range: '*', hasData: false }
17 silly mapToRegistry name react-dom--save
18 silly mapToRegistry using default registry
19 silly mapToRegistry registry https://registry.npmjs.org/
20 silly mapToRegistry uri https://registry.npmjs.org/react-dom--save
21 verbose addNameRange registry:https://registry.npmjs.org/react-dom--save not in flight; fetching
22 verbose request uri https://registry.npmjs.org/react-dom--save
23 verbose request no auth needed
24 info attempt registry request try #1 at 12:33:58 PM
25 verbose request id e1d0d3257492ef8b
26 http request GET https://registry.npmjs.org/react-dom--save
27 http 404 https://registry.npmjs.org/react-dom--save
28 verbose headers { 'content-type': 'application/json',
28 verbose headers   'cache-control': 'max-age=0',
28 verbose headers   'content-length': '2',
28 verbose headers   'accept-ranges': 'bytes',
28 verbose headers   date: 'Mon, 26 Oct 2015 18:33:58 GMT',
28 verbose headers   via: '1.1 varnish',
28 verbose headers   age: '0',
28 verbose headers   connection: 'keep-alive',
28 verbose headers   'x-served-by': 'cache-lax1428-LAX',
28 verbose headers   'x-cache': 'MISS',
28 verbose headers   'x-cache-hits': '0',
28 verbose headers   'x-timer': 'S1445884438.441136,VS0,VE48' }
29 silly get cb [ 404,
29 silly get   { 'content-type': 'application/json',
29 silly get     'cache-control': 'max-age=0',
29 silly get     'content-length': '2',
29 silly get     'accept-ranges': 'bytes',
29 silly get     date: 'Mon, 26 Oct 2015 18:33:58 GMT',
29 silly get     via: '1.1 varnish',
29 silly get     age: '0',
29 silly get     connection: 'keep-alive',
29 silly get     'x-served-by': 'cache-lax1428-LAX',
29 silly get     'x-cache': 'MISS',
29 silly get     'x-cache-hits': '0',
29 silly get     'x-timer': 'S1445884438.441136,VS0,VE48' } ]
30 verbose stack Error: Registry returned 404 for GET on https://registry.npmjs.org/react-dom--save
30 verbose stack     at makeError (/usr/local/lib/node_modules/npm/node_modules/npm-registry-client/lib/request.js:263:12)
30 verbose stack     at CachingRegistryClient.<anonymous> (/usr/local/lib/node_modules/npm/node_modules/npm-registry-client/lib/request.js:241:14)
30 verbose stack     at Request._callback (/usr/local/lib/node_modules/npm/node_modules/npm-registry-client/lib/request.js:171:14)
30 verbose stack     at Request.self.callback (/usr/local/lib/node_modules/npm/node_modules/request/request.js:198:22)
30 verbose stack     at emitTwo (events.js:87:13)
30 verbose stack     at Request.emit (events.js:172:7)
30 verbose stack     at Request.<anonymous> (/usr/local/lib/node_modules/npm/node_modules/request/request.js:1073:14)
30 verbose stack     at emitOne (events.js:82:20)
30 verbose stack     at Request.emit (events.js:169:7)
30 verbose stack     at IncomingMessage.<anonymous> (/usr/local/lib/node_modules/npm/node_modules/request/request.js:1019:12)
31 verbose statusCode 404
32 verbose pkgid react-dom--save
33 verbose cwd /Users/valmorie/Desktop/DevM/react/devReact/day1/webpackCrap/app
34 error Darwin 15.0.0
35 error argv "/usr/local/bin/node" "/usr/local/bin/npm" "install" "react-dom--save"
36 error node v4.1.1
37 error npm  v2.14.4
38 error code E404
39 error 404 Registry returned 404 for GET on https://registry.npmjs.org/react-dom--save
39 error 404
39 error 404 'react-dom--save' is not in the npm registry.
39 error 404 You should bug the author to publish it (or use the name yourself!)
39 error 404 It was specified as a dependency of 'webpack'
39 error 404
39 error 404 Note that you can also install from a
39 error 404 tarball, folder, http url, or git url.
40 verbose exit [ 1, true ]
